TN:
SF:src/Components/Form/Button/index.tsx
FN:11,Button
FNF:1
FNH:1
FNDA:4,Button
DA:12,4
LF:1
LH:1
BRF:0
BRH:0
end_of_record
TN:
SF:src/Components/Form/CategorySelectButton/Index.tsx
FN:12,CategorySelectButton
FNF:1
FNH:1
FNDA:2,CategorySelectButton
DA:13,2
LF:1
LH:1
BRF:0
BRH:0
end_of_record
TN:
SF:src/Components/Form/InputForm/index.tsx
FN:11,InputForm
FN:17,(anonymous_1)
FNF:2
FNH:2
FNDA:4,InputForm
FNDA:4,(anonymous_1)
DA:13,4
DA:18,4
LF:2
LH:2
BRDA:25,0,0,4
BRDA:25,0,1,0
BRF:2
BRH:1
end_of_record
TN:
SF:src/Components/Form/Inputs/index.tsx
FN:8,Input
FNF:1
FNH:1
FNDA:5,Input
DA:10,5
LF:1
LH:1
BRDA:8,0,0,4
BRF:1
BRH:1
end_of_record
TN:
SF:src/Components/Form/TransactionTypeButton/index.tsx
FN:16,TransactionTypeButton
FNF:1
FNH:1
FNDA:4,TransactionTypeButton
DA:12,1
DA:19,4
LF:2
LH:2
BRF:0
BRH:0
end_of_record
TN:
SF:src/Components/HighlightCard/index.tsx
FN:16,HighLightCard
FNF:1
FNH:0
FNDA:0,HighLightCard
DA:11,0
DA:17,0
LF:2
LH:0
BRF:0
BRH:0
end_of_record
TN:
SF:src/Components/HistoryCard/index.tsx
FN:9,HistoryCard
FNF:1
FNH:0
FNDA:0,HistoryCard
DA:12,0
LF:1
LH:0
BRF:0
BRH:0
end_of_record
TN:
SF:src/Components/SignInSocialButton/index.tsx
FN:11,SingInSocialButton
FNF:1
FNH:0
FNDA:0,SingInSocialButton
DA:17,0
LF:1
LH:0
BRF:0
BRH:0
end_of_record
TN:
SF:src/Components/TransactionCard/index.tsx
FN:18,TransactionCard
FN:20,(anonymous_1)
FNF:2
FNH:0
FNDA:0,TransactionCard
FNDA:0,(anonymous_1)
DA:19,0
DA:20,0
DA:22,0
DA:24,0
LF:4
LH:0
BRDA:30,0,0,0
BRDA:30,0,1,0
BRF:2
BRH:0
end_of_record
TN:
SF:src/Hooks/Auth.tsx
FN:38,AuthProvider
FN:44,(anonymous_1)
FN:45,loadUserStorageData
FN:58,singInWithGoogle
FN:86,singInWithApple
FN:95,singOut
FN:106,useAuth
FNF:7
FNH:5
FNDA:7,AuthProvider
FNDA:3,(anonymous_1)
FNDA:3,loadUserStorageData
FNDA:3,singInWithGoogle
FNDA:0,singInWithApple
FNDA:0,singOut
FNDA:9,useAuth
DA:5,2
DA:7,2
DA:8,2
DA:40,7
DA:41,7
DA:42,7
DA:44,7
DA:46,3
DA:48,3
DA:49,0
DA:50,0
DA:52,3
DA:55,3
DA:59,3
DA:60,3
DA:61,3
DA:63,3
DA:65,3
DA:66,3
DA:67,1
DA:68,1
DA:70,1
DA:77,1
DA:78,1
DA:82,0
DA:87,0
DA:88,0
DA:96,0
DA:97,0
DA:99,7
DA:107,9
DA:108,9
LF:32
LH:25
BRDA:48,0,0,0
BRDA:48,0,1,3
BRDA:66,1,0,1
BRDA:66,1,1,2
BRF:4
BRH:3
end_of_record
TN:
SF:src/Screens/CategorySelect/index.tsx
FN:16,CategorySelect
FN:22,handleCategorySelect
FN:35,(anonymous_2)
FN:36,(anonymous_3)
FN:38,(anonymous_4)
FN:45,(anonymous_5)
FNF:6
FNH:4
FNDA:2,CategorySelect
FNDA:0,handleCategorySelect
FNDA:12,(anonymous_2)
FNDA:12,(anonymous_3)
FNDA:0,(anonymous_4)
FNDA:10,(anonymous_5)
DA:23,0
DA:25,2
DA:35,12
DA:37,12
DA:38,0
DA:45,10
LF:6
LH:4
BRF:0
BRH:0
end_of_record
TN:
SF:src/Screens/Dashboard/index.tsx
FN:26,Dashboard
FN:47,getLastTransactionDate
FN:57,(anonymous_2)
FN:58,(anonymous_3)
FN:69,formatDateToString
FN:76,loadTransactions
FN:87,(anonymous_6)
FN:142,(anonymous_7)
FN:146,(anonymous_8)
FN:201,(anonymous_9)
FN:202,(anonymous_10)
FNF:11
FNH:0
FNDA:0,Dashboard
FNDA:0,getLastTransactionDate
FNDA:0,(anonymous_2)
FNDA:0,(anonymous_3)
FNDA:0,formatDateToString
FNDA:0,loadTransactions
FNDA:0,(anonymous_6)
FNDA:0,(anonymous_7)
FNDA:0,(anonymous_8)
FNDA:0,(anonymous_9)
FNDA:0,(anonymous_10)
DA:28,0
DA:29,0
DA:30,0
DA:31,0
DA:32,0
DA:52,0
DA:53,0
DA:56,0
DA:57,0
DA:59,0
DA:60,0
DA:63,0
DA:64,0
DA:66,0
DA:70,0
DA:72,0
DA:77,0
DA:79,0
DA:81,0
DA:83,0
DA:84,0
DA:86,0
DA:89,0
DA:90,0
DA:92,0
DA:94,0
DA:99,0
DA:108,0
DA:111,0
DA:113,0
DA:114,0
DA:115,0
DA:117,0
DA:140,0
DA:142,0
DA:143,0
DA:146,0
DA:147,0
DA:150,0
DA:201,0
DA:203,0
LF:41
LH:0
BRDA:52,0,0,0
BRDA:52,0,1,0
BRDA:63,1,0,0
BRDA:63,1,1,0
BRDA:81,2,0,0
BRDA:81,2,1,0
BRDA:89,3,0,0
BRDA:89,3,1,0
BRDA:115,4,0,0
BRDA:115,4,1,0
BRDA:123,5,0,0
BRDA:123,5,1,0
BRDA:130,6,0,0
BRDA:130,6,1,0
BRDA:153,7,0,0
BRDA:153,7,1,0
BRF:16
BRH:0
end_of_record
TN:
SF:src/Screens/Profile/index.tsx
FN:4,Profile
FN:24,(anonymous_1)
FNF:2
FNH:1
FNDA:3,Profile
FNDA:0,(anonymous_1)
DA:5,3
LF:1
LH:1
BRF:0
BRH:0
end_of_record
TN:
SF:src/Screens/Register/index.tsx
FN:39,Register
FN:58,handleTransactionsTypeSelect
FN:62,handleCloseSelectCategoryModal
FN:65,handleOpenSelectCategoryModal
FN:66,(anonymous_4)
FN:72,handleRegister
FN:116,(anonymous_6)
FN:117,loadData
FN:152,(anonymous_8)
FN:153,(anonymous_9)
FNF:10
FNH:5
FNDA:2,Register
FNDA:0,handleTransactionsTypeSelect
FNDA:0,handleCloseSelectCategoryModal
FNDA:1,handleOpenSelectCategoryModal
FNDA:1,(anonymous_4)
FNDA:0,handleRegister
FNDA:1,(anonymous_6)
FNDA:1,loadData
FNDA:0,(anonymous_8)
FNDA:0,(anonymous_9)
DA:28,1
DA:40,2
DA:44,2
DA:50,2
DA:54,2
DA:55,2
DA:56,2
DA:59,0
DA:63,0
DA:66,1
DA:67,1
DA:73,0
DA:74,0
DA:76,0
DA:77,0
DA:79,0
DA:88,0
DA:89,0
DA:91,0
DA:92,0
DA:94,0
DA:99,0
DA:101,0
DA:102,0
DA:103,0
DA:107,0
DA:110,0
DA:111,0
DA:116,2
DA:118,1
DA:120,0
DA:121,0
DA:125,1
DA:128,2
DA:152,0
DA:153,0
LF:36
LH:13
BRDA:73,0,0,0
BRDA:73,0,1,0
BRDA:76,1,0,0
BRDA:76,1,1,0
BRDA:92,2,0,0
BRDA:92,2,1,0
BRDA:142,3,0,2
BRDA:142,3,1,0
BRDA:149,4,0,2
BRDA:149,4,1,0
BRF:10
BRH:2
end_of_record
TN:
SF:src/Screens/Resume/index.tsx
FN:33,Resume
FN:41,(anonymous_1)
FN:45,loadData
FN:52,(anonymous_3)
FN:58,(anonymous_4)
FN:64,(anonymous_5)
FN:66,(anonymous_6)
FN:95,handlDateChange
FN:127,(anonymous_8)
FN:133,(anonymous_9)
FN:140,(anonymous_10)
FN:154,(anonymous_11)
FNF:12
FNH:0
FNDA:0,Resume
FNDA:0,(anonymous_1)
FNDA:0,loadData
FNDA:0,(anonymous_3)
FNDA:0,(anonymous_4)
FNDA:0,(anonymous_5)
FNDA:0,(anonymous_6)
FNDA:0,handlDateChange
FNDA:0,(anonymous_8)
FNDA:0,(anonymous_9)
FNDA:0,(anonymous_10)
FNDA:0,(anonymous_11)
DA:35,0
DA:36,0
DA:37,0
DA:38,0
DA:39,0
DA:41,0
DA:42,0
DA:46,0
DA:47,0
DA:48,0
DA:49,0
DA:51,0
DA:53,0
DA:58,0
DA:59,0
DA:62,0
DA:64,0
DA:65,0
DA:66,0
DA:67,0
DA:68,0
DA:71,0
DA:72,0
DA:77,0
DA:79,0
DA:91,0
DA:92,0
DA:97,0
DA:98,0
DA:99,0
DA:101,0
DA:102,0
DA:106,0
DA:127,0
DA:133,0
DA:140,0
DA:155,0
LF:37
LH:0
BRDA:49,0,0,0
BRDA:49,0,1,0
BRDA:53,1,0,0
BRDA:53,1,1,0
BRDA:53,1,2,0
BRDA:67,2,0,0
BRDA:67,2,1,0
BRDA:71,3,0,0
BRDA:71,3,1,0
BRDA:97,4,0,0
BRDA:97,4,1,0
BRDA:111,5,0,0
BRDA:111,5,1,0
BRF:13
BRH:0
end_of_record
TN:
SF:src/Screens/SingIn/index.tsx
FN:23,SignIn
FN:30,handleSingInWithGoogle
FN:41,handleSingInWithApple
FNF:3
FNH:0
FNDA:0,SignIn
FNDA:0,handleSingInWithGoogle
FNDA:0,handleSingInWithApple
DA:25,0
DA:27,0
DA:28,0
DA:31,0
DA:32,0
DA:33,0
DA:35,0
DA:37,0
DA:38,0
DA:42,0
DA:43,0
DA:44,0
DA:46,0
DA:48,0
DA:49,0
DA:53,0
LF:16
LH:0
BRDA:82,0,0,0
BRDA:82,0,1,0
BRDA:90,1,0,0
BRDA:90,1,1,0
BRF:4
BRH:0
end_of_record
TN:
SF:src/routes/app.routes.tsx
FN:10,AppRoutes
FN:32,(anonymous_1)
FN:45,(anonymous_2)
FN:58,(anonymous_3)
FNF:4
FNH:0
FNDA:0,AppRoutes
FNDA:0,(anonymous_1)
FNDA:0,(anonymous_2)
FNDA:0,(anonymous_3)
DA:8,0
DA:12,0
DA:13,0
DA:33,0
DA:46,0
DA:59,0
LF:6
LH:0
BRDA:22,0,0,0
BRDA:22,0,1,0
BRF:2
BRH:0
end_of_record
TN:
SF:src/routes/auth.routes.tsx
FN:7,AuthRoutes
FNF:1
FNH:0
FNDA:0,AuthRoutes
DA:5,0
DA:8,0
LF:2
LH:0
BRF:0
BRH:0
end_of_record
TN:
SF:src/routes/index.tsx
FN:8,Routes
FNF:1
FNH:0
FNDA:0,Routes
DA:10,0
DA:12,0
DA:13,0
DA:16,0
LF:4
LH:0
BRDA:12,0,0,0
BRDA:12,0,1,0
BRDA:18,1,0,0
BRDA:18,1,1,0
BRF:4
BRH:0
end_of_record
